c:\users\user\documents\visual studio 2013\projects\ga_final_homework\ga_final_homework\debug\ga_final_homework.pch
c:\users\user\documents\visual studio 2013\projects\ga_final_homework\ga_final_homework\debug\vc120.pdb
c:\users\user\documents\visual studio 2013\projects\ga_final_homework\ga_final_homework\debug\stdafx.obj
c:\users\user\documents\visual studio 2013\projects\ga_final_homework\ga_final_homework\debug\assemblyinfo.obj
c:\users\user\documents\visual studio 2013\projects\ga_final_homework\ga_final_homework\debug\chromosome.obj
c:\users\user\documents\visual studio 2013\projects\ga_final_homework\ga_final_homework\debug\.netframework,version=v4.5.assemblyattributes.obj
c:\users\user\documents\visual studio 2013\projects\ga_final_homework\ga_final_homework\debug\ga.obj
c:\users\user\documents\visual studio 2013\projects\ga_final_homework\ga_final_homework\debug\ga_final_homework.obj
c:\users\user\documents\visual studio 2013\projects\ga_final_homework\ga_final_homework\debug\app.res
c:\users\user\documents\visual studio 2013\projects\ga_final_homework\ga_final_homework\debug\ga_final_homework.vcxprojresolveassemblyreference.cache
c:\users\user\documents\visual studio 2013\projects\ga_final_homework\debug\ga_final_homework.pdb
c:\users\user\documents\visual studio 2013\projects\ga_final_homework\ga_final_homework\debug\ga_final.b7b4f2b4.tlog\cl.command.1.tlog
c:\users\user\documents\visual studio 2013\projects\ga_final_homework\ga_final_homework\debug\ga_final.b7b4f2b4.tlog\cl.read.1.tlog
c:\users\user\documents\visual studio 2013\projects\ga_final_homework\ga_final_homework\debug\ga_final.b7b4f2b4.tlog\cl.write.1.tlog
c:\users\user\documents\visual studio 2013\projects\ga_final_homework\ga_final_homework\debug\ga_final.b7b4f2b4.tlog\link.2100-cvtres.read.1.tlog
c:\users\user\documents\visual studio 2013\projects\ga_final_homework\ga_final_homework\debug\ga_final.b7b4f2b4.tlog\link.2100-cvtres.write.1.tlog
c:\users\user\documents\visual studio 2013\projects\ga_final_homework\ga_final_homework\debug\ga_final.b7b4f2b4.tlog\link.2100-rc.read.1.tlog
c:\users\user\documents\visual studio 2013\projects\ga_final_homework\ga_final_homework\debug\ga_final.b7b4f2b4.tlog\link.2100-rc.write.1.tlog
c:\users\user\documents\visual studio 2013\projects\ga_final_homework\ga_final_homework\debug\ga_final.b7b4f2b4.tlog\link.2100.read.1.tlog
c:\users\user\documents\visual studio 2013\projects\ga_final_homework\ga_final_homework\debug\ga_final.b7b4f2b4.tlog\link.2100.write.1.tlog
c:\users\user\documents\visual studio 2013\projects\ga_final_homework\ga_final_homework\debug\ga_final.b7b4f2b4.tlog\link.command.1.tlog
c:\users\user\documents\visual studio 2013\projects\ga_final_homework\ga_final_homework\debug\ga_final.b7b4f2b4.tlog\link.read.1.tlog
c:\users\user\documents\visual studio 2013\projects\ga_final_homework\ga_final_homework\debug\ga_final.b7b4f2b4.tlog\link.write.1.tlog
c:\users\user\documents\visual studio 2013\projects\ga_final_homework\ga_final_homework\debug\ga_final.b7b4f2b4.tlog\metagen.read.1.tlog
c:\users\user\documents\visual studio 2013\projects\ga_final_homework\ga_final_homework\debug\ga_final.b7b4f2b4.tlog\metagen.write.1.tlog
c:\users\user\documents\visual studio 2013\projects\ga_final_homework\ga_final_homework\debug\ga_final.b7b4f2b4.tlog\rc.command.1.tlog
c:\users\user\documents\visual studio 2013\projects\ga_final_homework\ga_final_homework\debug\ga_final.b7b4f2b4.tlog\rc.read.1.tlog
c:\users\user\documents\visual studio 2013\projects\ga_final_homework\ga_final_homework\debug\ga_final.b7b4f2b4.tlog\rc.write.1.tlog
c:\users\user\documents\visual studio 2013\projects\ga_final_homework\ga_final_homework\debug\ga_final.b7b4f2b4.tlog\rsaenh.dll.bi
c:\users\user\documents\visual studio 2013\projects\ga_final_homework\ga_final_homework\debug\ga_final.b7b4f2b4.tlog\tzres.dll.bi
